Using on the fly data generation
WE MADE IT BEFORE THE Separator
MOdels were tested
--- Training Hybrid ---
Model: Hybrid and parameters: <generator object Module.parameters at 0x14bebe3ee8f0>
Epoch 10: Train MSE 0.50000593 | Val MSE 0.50000816
Epoch 20: Train MSE 0.50000615 | Val MSE 0.50000094
Epoch 30: Train MSE 0.50000625 | Val MSE 0.50000327
Epoch 40: Train MSE 0.50000432 | Val MSE 0.50001034
Epoch 50: Train MSE 0.50000657 | Val MSE 0.50000489
Epoch 60: Train MSE 0.50000616 | Val MSE 0.50000627
Epoch 70: Train MSE 0.50000624 | Val MSE 0.50000561
Epoch 80: Train MSE 0.50000667 | Val MSE 0.50002758
Epoch 90: Train MSE 0.50000414 | Val MSE 0.50001576
Epoch 100: Train MSE 0.50000602 | Val MSE 0.50001640
Epoch 110: Train MSE 0.50000630 | Val MSE 0.50001842
Epoch 120: Train MSE 0.50000610 | Val MSE 0.50000613
Epoch 130: Train MSE 0.50000632 | Val MSE 0.50000096
Epoch 140: Train MSE 0.50000530 | Val MSE 0.50000695
Epoch 150: Train MSE 0.50000648 | Val MSE 0.50000514
Epoch 160: Train MSE 0.50000584 | Val MSE 0.50000879
Epoch 170: Train MSE 0.50000609 | Val MSE 0.50000222
Epoch 180: Train MSE 0.50000733 | Val MSE 0.50001543
Epoch 190: Train MSE 0.50000680 | Val MSE 0.50000288
Epoch 200: Train MSE 0.50000565 | Val MSE 0.50001092
Epoch 210: Train MSE 0.50000536 | Val MSE 0.50000175
Epoch 220: Train MSE 0.50000559 | Val MSE 0.50000555
Epoch 230: Train MSE 0.50000560 | Val MSE 0.50000746
Epoch 240: Train MSE 0.50000593 | Val MSE 0.50001169
Epoch 250: Train MSE 0.50000675 | Val MSE 0.50000440
Epoch 260: Train MSE 0.50000704 | Val MSE 0.50000560
Epoch 270: Train MSE 0.50000646 | Val MSE 0.50002377
Epoch 280: Train MSE 0.50000579 | Val MSE 0.50001210
Epoch 290: Train MSE 0.50000514 | Val MSE 0.50001654
Epoch 300: Train MSE 0.50000517 | Val MSE 0.50000150
--- Training LSTM ---
Model: LSTM and parameters: <generator object Module.parameters at 0x14bebe0aeab0>
Epoch 10: Train MSE 0.50000582 | Val MSE 0.50000436
Epoch 20: Train MSE 0.50000537 | Val MSE 0.50000754
Epoch 30: Train MSE 0.50000448 | Val MSE 0.50001816
Epoch 40: Train MSE 0.50000405 | Val MSE 0.49999967
Epoch 50: Train MSE 0.50000441 | Val MSE 0.50000427
Epoch 60: Train MSE 0.50000552 | Val MSE 0.50000440
Epoch 70: Train MSE 0.50000450 | Val MSE 0.50000872
Epoch 80: Train MSE 0.50000442 | Val MSE 0.50001048
Epoch 90: Train MSE 0.50000503 | Val MSE 0.50001053
Epoch 100: Train MSE 0.50000553 | Val MSE 0.50000312
Epoch 110: Train MSE 0.50000496 | Val MSE 0.50001142
Epoch 120: Train MSE 0.50000444 | Val MSE 0.50000130
Epoch 130: Train MSE 0.50000554 | Val MSE 0.50000528
Epoch 140: Train MSE 0.50000513 | Val MSE 0.50000678
Epoch 150: Train MSE 0.50000507 | Val MSE 0.50001304
Epoch 160: Train MSE 0.50000544 | Val MSE 0.50000518
Epoch 170: Train MSE 0.50000432 | Val MSE 0.50000502
Epoch 180: Train MSE 0.50000391 | Val MSE 0.50000887
Epoch 190: Train MSE 0.50000516 | Val MSE 0.50000454
Epoch 200: Train MSE 0.50000417 | Val MSE 0.50001325
Epoch 210: Train MSE 0.50000438 | Val MSE 0.50002240
Epoch 220: Train MSE 0.50000530 | Val MSE 0.50000478
Epoch 230: Train MSE 0.50000366 | Val MSE 0.50000974
Epoch 240: Train MSE 0.50000520 | Val MSE 0.50000203
Epoch 250: Train MSE 0.50000428 | Val MSE 0.50000882
Epoch 260: Train MSE 0.50000406 | Val MSE 0.50001538
Epoch 270: Train MSE 0.50000458 | Val MSE 0.50001843
Epoch 280: Train MSE 0.50000486 | Val MSE 0.50000951
Epoch 290: Train MSE 0.50000489 | Val MSE 0.50000278
Epoch 300: Train MSE 0.50000417 | Val MSE 0.50000754
--- Training Linear ---
Model: Linear and parameters: <generator object Module.parameters at 0x14bebe0ac970>
Epoch 10: Train MSE 0.50020379 | Val MSE 0.50028206
Epoch 20: Train MSE 0.50022082 | Val MSE 0.50031106
Epoch 30: Train MSE 0.50019813 | Val MSE 0.50053430
Epoch 40: Train MSE 0.50018153 | Val MSE 0.50021595
Epoch 50: Train MSE 0.50014019 | Val MSE 0.50025077
Epoch 60: Train MSE 0.50014285 | Val MSE 0.50003655
Epoch 70: Train MSE 0.50017669 | Val MSE 0.50072922
Epoch 80: Train MSE 0.50020575 | Val MSE 0.50029516
Epoch 90: Train MSE 0.50016433 | Val MSE 0.50004239
Epoch 100: Train MSE 0.50018540 | Val MSE 0.50017063
Epoch 110: Train MSE 0.50016372 | Val MSE 0.49998088
Epoch 120: Train MSE 0.50022398 | Val MSE 0.50073116
Epoch 130: Train MSE 0.50023345 | Val MSE 0.50082457
Epoch 140: Train MSE 0.50014272 | Val MSE 0.50027595
Epoch 150: Train MSE 0.50017889 | Val MSE 0.50045967
Epoch 160: Train MSE 0.50018722 | Val MSE 0.50127656
Epoch 170: Train MSE 0.50022752 | Val MSE 0.50027302
Epoch 180: Train MSE 0.50010655 | Val MSE 0.50028365
Epoch 190: Train MSE 0.50024351 | Val MSE 0.50038374
Epoch 200: Train MSE 0.50021070 | Val MSE 0.50024428
Epoch 210: Train MSE 0.50018267 | Val MSE 0.50036799
Epoch 220: Train MSE 0.50022329 | Val MSE 0.50028140
Epoch 230: Train MSE 0.50020878 | Val MSE 0.50042563
Epoch 240: Train MSE 0.50013899 | Val MSE 0.50061494
Epoch 250: Train MSE 0.50025451 | Val MSE 0.50039185
Epoch 260: Train MSE 0.50011272 | Val MSE 0.50116280
Epoch 270: Train MSE 0.50020858 | Val MSE 0.50028470
Epoch 280: Train MSE 0.50016934 | Val MSE 0.50051847
Epoch 290: Train MSE 0.50020125 | Val MSE 0.50022433
Epoch 300: Train MSE 0.50014517 | Val MSE 0.50024780
--- Training IQ_CNN ---
Model: IQ_CNN and parameters: <generator object Module.parameters at 0x14bebe0ae500>
Epoch 10: Train MSE 0.50001698 | Val MSE 0.50000594
Epoch 20: Train MSE 0.50000960 | Val MSE 0.50000918
Epoch 30: Train MSE 0.50001470 | Val MSE 0.50001221
Epoch 40: Train MSE 0.50001021 | Val MSE 0.50006552
Epoch 50: Train MSE 0.50001449 | Val MSE 0.50001753
Epoch 60: Train MSE 0.50000619 | Val MSE 0.50001487
Epoch 70: Train MSE 0.50000765 | Val MSE 0.50001097
Epoch 80: Train MSE 0.50000862 | Val MSE 0.50002632
Epoch 90: Train MSE 0.50000980 | Val MSE 0.50000541
Epoch 100: Train MSE 0.50001214 | Val MSE 0.50000729
Epoch 110: Train MSE 0.50000120 | Val MSE 0.50003051
Epoch 120: Train MSE 0.50000243 | Val MSE 0.50005126
Epoch 130: Train MSE 0.50000801 | Val MSE 0.50000783
Epoch 140: Train MSE 0.50000831 | Val MSE 0.50000589
Epoch 150: Train MSE 0.50000748 | Val MSE 0.50000159
Epoch 160: Train MSE 0.50000876 | Val MSE 0.50000852
Epoch 170: Train MSE 0.50000706 | Val MSE 0.50000558
Epoch 180: Train MSE 0.50000604 | Val MSE 0.50001481
Epoch 190: Train MSE 0.50000887 | Val MSE 0.50001214
Epoch 200: Train MSE 0.50000834 | Val MSE 0.50004211
Epoch 210: Train MSE 0.50000801 | Val MSE 0.49999539
Epoch 220: Train MSE 0.50001156 | Val MSE 0.49999931
Epoch 230: Train MSE 0.49999930 | Val MSE 0.50001172
Epoch 240: Train MSE 0.50000640 | Val MSE 0.50000717
Epoch 250: Train MSE 0.50000758 | Val MSE 0.50000337
Epoch 260: Train MSE 0.50000006 | Val MSE 0.50001543
Epoch 270: Train MSE 0.50000889 | Val MSE 0.49999770
Epoch 280: Train MSE 0.50000473 | Val MSE 0.50001467
Epoch 290: Train MSE 0.50000667 | Val MSE 0.50000068
Epoch 300: Train MSE 0.50000673 | Val MSE 0.49999958
--- Training HTDemucs ---
Model: HTDemucs and parameters: <generator object Module.parameters at 0x14bebe0aeb20>
Traceback (most recent call last):
  File "/uufs/chpc.utah.edu/common/home/u1321655/Catpsone/DL-AIR/slurm/../main.py", line 131, in <module>
    main()
  File "/uufs/chpc.utah.edu/common/home/u1321655/Catpsone/DL-AIR/slurm/../main.py", line 121, in main
    trained_model, t_hist, v_hist = train_model(model, train_loader, val_loader, plotter, epochs=300, device=device)
  File "/uufs/chpc.utah.edu/common/home/u1321655/Catpsone/DL-AIR/train.py", line 17, in train_model
    pred_snap = model(x_snap)
  File "/uufs/chpc.utah.edu/common/home/u1321655/miniconda3/envs/FastICA/lib/python3.10/site-packages/torch/nn/modules/module.py", line 1736, in _wrapped_call_impl
    return self._call_impl(*args, **kwargs)
  File "/uufs/chpc.utah.edu/common/home/u1321655/miniconda3/envs/FastICA/lib/python3.10/site-packages/torch/nn/modules/module.py", line 1747, in _call_impl
    return forward_call(*args, **kwargs)
TypeError: RFHTDemucs.forward() missing 1 required positional argument: 'x_freq'
