Using data stored in data folder
WE MADE IT BEFORE THE Separator
MOdels were tested
--- Training Hybrid ---
Model: Hybrid and parameters: <generator object Module.parameters at 0x14b733594900>
Epoch 10: Train MSE 0.50000418 | Val MSE 0.50000680
Epoch 20: Train MSE 0.50000425 | Val MSE 0.50000207
Epoch 30: Train MSE 0.50000458 | Val MSE 0.50000462
Epoch 40: Train MSE 0.50000484 | Val MSE 0.50000553
Epoch 50: Train MSE 0.50000437 | Val MSE 0.50000018
Epoch 60: Train MSE 0.50000457 | Val MSE 0.50000230
Epoch 70: Train MSE 0.50000488 | Val MSE 0.50000384
Epoch 80: Train MSE 0.50000418 | Val MSE 0.50000410
Epoch 90: Train MSE 0.50000452 | Val MSE 0.50000654
Epoch 100: Train MSE 0.50000471 | Val MSE 0.50000430
Epoch 110: Train MSE 0.50000409 | Val MSE 0.50000461
Epoch 120: Train MSE 0.50000472 | Val MSE 0.50000435
Epoch 130: Train MSE 0.50000417 | Val MSE 0.50000614
Epoch 140: Train MSE 0.50000449 | Val MSE 0.50000299
Epoch 150: Train MSE 0.50000448 | Val MSE 0.50000060
Epoch 160: Train MSE 0.50000405 | Val MSE 0.50001196
Epoch 170: Train MSE 0.50000435 | Val MSE 0.50000280
Epoch 180: Train MSE 0.50000414 | Val MSE 0.50000278
Epoch 190: Train MSE 0.50000412 | Val MSE 0.50000658
Epoch 200: Train MSE 0.50000441 | Val MSE 0.50000336
Epoch 210: Train MSE 0.50000370 | Val MSE 0.50000128
Epoch 220: Train MSE 0.50000436 | Val MSE 0.50000699
Epoch 230: Train MSE 0.50000501 | Val MSE 0.50000245
Epoch 240: Train MSE 0.50000356 | Val MSE 0.50000157
Epoch 250: Train MSE 0.50000438 | Val MSE 0.50000401
Epoch 260: Train MSE 0.50000426 | Val MSE 0.50001416
Epoch 270: Train MSE 0.50000421 | Val MSE 0.50000447
Epoch 280: Train MSE 0.50000449 | Val MSE 0.50000706
Epoch 290: Train MSE 0.50000493 | Val MSE 0.50000509
Epoch 300: Train MSE 0.50000505 | Val MSE 0.50000755
Hybrid | Train Sym Acc: 0.2499 | Val Sym Acc: 0.2495
--- Training LSTM ---
Model: LSTM and parameters: <generator object Module.parameters at 0x14b7541a9620>
Epoch 10: Train MSE 0.49999792 | Val MSE 0.50003294
Epoch 20: Train MSE 0.49998110 | Val MSE 0.50007768
Epoch 30: Train MSE 0.49997346 | Val MSE 0.50003526
Epoch 40: Train MSE 0.49993729 | Val MSE 0.50006702
Epoch 50: Train MSE 0.49989062 | Val MSE 0.50004500
Epoch 60: Train MSE 0.49983770 | Val MSE 0.50013093
Epoch 70: Train MSE 0.49966335 | Val MSE 0.50069344
Epoch 80: Train MSE 0.49937648 | Val MSE 0.50033194
Epoch 90: Train MSE 0.49916452 | Val MSE 0.50122194
Epoch 100: Train MSE 0.49771301 | Val MSE 0.50395147
Epoch 110: Train MSE 0.49420276 | Val MSE 0.50700945
Epoch 120: Train MSE 0.48701430 | Val MSE 0.51320015
Epoch 130: Train MSE 0.47457092 | Val MSE 0.52422138
Epoch 140: Train MSE 0.45783984 | Val MSE 0.53803178
Epoch 150: Train MSE 0.43748579 | Val MSE 0.55773385
Epoch 160: Train MSE 0.40187427 | Val MSE 0.58529171
Epoch 170: Train MSE 0.36922822 | Val MSE 0.60984637
Epoch 180: Train MSE 0.33719382 | Val MSE 0.62651758
Epoch 190: Train MSE 0.30546804 | Val MSE 0.66127583
Epoch 200: Train MSE 0.28120941 | Val MSE 0.68538746
Epoch 210: Train MSE 0.25723353 | Val MSE 0.70998434
Epoch 220: Train MSE 0.23555599 | Val MSE 0.71661224
Epoch 230: Train MSE 0.21881547 | Val MSE 0.72767723
Epoch 240: Train MSE 0.20455429 | Val MSE 0.74342156
Epoch 250: Train MSE 0.19008112 | Val MSE 0.74450400
Epoch 260: Train MSE 0.17720015 | Val MSE 0.75390966
Epoch 270: Train MSE 0.17074330 | Val MSE 0.76850780
Epoch 280: Train MSE 0.15915304 | Val MSE 0.76569326
Epoch 290: Train MSE 0.15104513 | Val MSE 0.77453946
Epoch 300: Train MSE 0.14426555 | Val MSE 0.77268011
LSTM | Train Sym Acc: 0.9251 | Val Sym Acc: 0.2517
--- Training IQ_CNN ---
Model: IQ_CNN and parameters: <generator object Module.parameters at 0x14b7541a91c0>
Epoch 10: Train MSE 0.50000968 | Val MSE 0.50009590
Epoch 20: Train MSE 0.49997848 | Val MSE 0.50002813
Epoch 30: Train MSE 0.49994668 | Val MSE 0.49999195
Epoch 40: Train MSE 0.49991104 | Val MSE 0.50000170
Epoch 50: Train MSE 0.49985033 | Val MSE 0.50008164
Epoch 60: Train MSE 0.49980213 | Val MSE 0.50006032
Epoch 70: Train MSE 0.49972408 | Val MSE 0.50018835
Epoch 80: Train MSE 0.49953769 | Val MSE 0.50063212
Epoch 90: Train MSE 0.49807244 | Val MSE 0.50283800
Epoch 100: Train MSE 0.49576846 | Val MSE 0.50236398
Epoch 110: Train MSE 0.49252211 | Val MSE 0.50599176
Epoch 120: Train MSE 0.48893711 | Val MSE 0.51007022
Epoch 130: Train MSE 0.48492535 | Val MSE 0.51338261
Epoch 140: Train MSE 0.48002023 | Val MSE 0.51875481
Epoch 150: Train MSE 0.47370807 | Val MSE 0.52642817
Epoch 160: Train MSE 0.46638749 | Val MSE 0.53469103
Epoch 170: Train MSE 0.45754835 | Val MSE 0.54376197
Epoch 180: Train MSE 0.44749689 | Val MSE 0.55147588
Epoch 190: Train MSE 0.43552569 | Val MSE 0.56090366
Epoch 200: Train MSE 0.42515558 | Val MSE 0.57305412
Epoch 210: Train MSE 0.41549159 | Val MSE 0.58772762
Epoch 220: Train MSE 0.40837668 | Val MSE 0.59325600
Epoch 230: Train MSE 0.40134237 | Val MSE 0.59910431
Epoch 240: Train MSE 0.39683197 | Val MSE 0.60274446
Epoch 250: Train MSE 0.39256412 | Val MSE 0.61319638
slurmstepd: error: *** JOB 11994850 ON notch366 CANCELLED AT 2026-04-13T14:55:03 DUE TO NODE FAILURE, SEE SLURMCTLD LOG FOR DETAILS ***
