WE MADE IT BEFORE THE Separator
MOdels were tested
--- Training Hybrid ---
Model: Hybrid and parameters: <generator object Module.parameters at 0x14bd044757e0>
Epoch 5: Train MSE 0.5000 | Val MSE 0.5000
Epoch 10: Train MSE 0.5000 | Val MSE 0.5000
Epoch 15: Train MSE 0.5000 | Val MSE 0.5000
Epoch 20: Train MSE 0.5000 | Val MSE 0.5000
Epoch 25: Train MSE 0.5000 | Val MSE 0.5000
Epoch 30: Train MSE 0.4999 | Val MSE 0.5001
Epoch 35: Train MSE 0.4998 | Val MSE 0.5002
Epoch 40: Train MSE 0.4996 | Val MSE 0.5003
Epoch 45: Train MSE 0.4991 | Val MSE 0.5006
Epoch 50: Train MSE 0.4984 | Val MSE 0.5011
Epoch 55: Train MSE 0.4978 | Val MSE 0.5015
Epoch 60: Train MSE 0.4972 | Val MSE 0.5020
Epoch 65: Train MSE 0.4962 | Val MSE 0.5026
Epoch 70: Train MSE 0.4949 | Val MSE 0.5035
Epoch 75: Train MSE 0.4932 | Val MSE 0.5044
Epoch 80: Train MSE 0.4912 | Val MSE 0.5061
Epoch 85: Train MSE 0.4892 | Val MSE 0.5085
Epoch 90: Train MSE 0.4873 | Val MSE 0.5102
Epoch 95: Train MSE 0.4855 | Val MSE 0.5124
slurmstepd: error: *** JOB 11568038 ON notch366 CANCELLED AT 2026-03-30T09:37:06 ***
