Using on the fly data generation
WE MADE IT BEFORE THE Separator
MOdels were tested
--- Training Hybrid ---
Model: Hybrid and parameters: <generator object Module.parameters at 0x146b76fe5d20>
Epoch 10: Train MSE 0.50000580 | Val MSE 0.50000815
Epoch 20: Train MSE 0.50000615 | Val MSE 0.50000094
Epoch 30: Train MSE 0.50000625 | Val MSE 0.50000327
Epoch 40: Train MSE 0.50000432 | Val MSE 0.50001034
Epoch 50: Train MSE 0.50000657 | Val MSE 0.50000489
Epoch 60: Train MSE 0.50000616 | Val MSE 0.50000627
Epoch 70: Train MSE 0.50000624 | Val MSE 0.50000561
Epoch 80: Train MSE 0.50000667 | Val MSE 0.50002758
Epoch 90: Train MSE 0.50000414 | Val MSE 0.50001576
Epoch 100: Train MSE 0.50000602 | Val MSE 0.50001640
Epoch 110: Train MSE 0.50000630 | Val MSE 0.50001842
Epoch 120: Train MSE 0.50000610 | Val MSE 0.50000613
Epoch 130: Train MSE 0.50000632 | Val MSE 0.50000096
Epoch 140: Train MSE 0.50000530 | Val MSE 0.50000695
Epoch 150: Train MSE 0.50000648 | Val MSE 0.50000514
Epoch 160: Train MSE 0.50000584 | Val MSE 0.50000879
Epoch 170: Train MSE 0.50000609 | Val MSE 0.50000222
Epoch 180: Train MSE 0.50000733 | Val MSE 0.50001543
Epoch 190: Train MSE 0.50000680 | Val MSE 0.50000288
Epoch 200: Train MSE 0.50000565 | Val MSE 0.50001092
Epoch 210: Train MSE 0.50000536 | Val MSE 0.50000175
Epoch 220: Train MSE 0.50000559 | Val MSE 0.50000555
Epoch 230: Train MSE 0.50000560 | Val MSE 0.50000746
Epoch 240: Train MSE 0.50000593 | Val MSE 0.50001169
Epoch 250: Train MSE 0.50000675 | Val MSE 0.50000440
Epoch 260: Train MSE 0.50000704 | Val MSE 0.50000560
Epoch 270: Train MSE 0.50000646 | Val MSE 0.50002377
Epoch 280: Train MSE 0.50000579 | Val MSE 0.50001210
Epoch 290: Train MSE 0.50000514 | Val MSE 0.50001654
Epoch 300: Train MSE 0.50000517 | Val MSE 0.50000150
--- Training LSTM ---
Model: LSTM and parameters: <generator object Module.parameters at 0x146b7a1ca810>
Epoch 10: Train MSE 0.50000499 | Val MSE 0.50001046
Epoch 20: Train MSE 0.50000537 | Val MSE 0.50000754
Epoch 30: Train MSE 0.50000448 | Val MSE 0.50001816
Epoch 40: Train MSE 0.50000405 | Val MSE 0.49999967
Epoch 50: Train MSE 0.50000441 | Val MSE 0.50000427
Epoch 60: Train MSE 0.50000552 | Val MSE 0.50000440
Epoch 70: Train MSE 0.50000450 | Val MSE 0.50000872
Epoch 80: Train MSE 0.50000442 | Val MSE 0.50001048
Epoch 90: Train MSE 0.50000503 | Val MSE 0.50001053
Epoch 100: Train MSE 0.50000553 | Val MSE 0.50000312
Epoch 110: Train MSE 0.50000496 | Val MSE 0.50001142
Epoch 120: Train MSE 0.50000444 | Val MSE 0.50000130
Epoch 130: Train MSE 0.50000554 | Val MSE 0.50000528
Epoch 140: Train MSE 0.50000513 | Val MSE 0.50000678
Epoch 150: Train MSE 0.50000507 | Val MSE 0.50001304
Epoch 160: Train MSE 0.50000544 | Val MSE 0.50000518
Epoch 170: Train MSE 0.50000432 | Val MSE 0.50000502
Epoch 180: Train MSE 0.50000391 | Val MSE 0.50000887
Epoch 190: Train MSE 0.50000516 | Val MSE 0.50000454
Epoch 200: Train MSE 0.50000417 | Val MSE 0.50001325
Epoch 210: Train MSE 0.50000438 | Val MSE 0.50002240
Epoch 220: Train MSE 0.50000530 | Val MSE 0.50000478
Epoch 230: Train MSE 0.50000366 | Val MSE 0.50000974
Epoch 240: Train MSE 0.50000520 | Val MSE 0.50000203
Epoch 250: Train MSE 0.50000428 | Val MSE 0.50000882
Epoch 260: Train MSE 0.50000406 | Val MSE 0.50001538
Epoch 270: Train MSE 0.50000458 | Val MSE 0.50001843
Epoch 280: Train MSE 0.50000486 | Val MSE 0.50000951
Epoch 290: Train MSE 0.50000489 | Val MSE 0.50000278
Epoch 300: Train MSE 0.50000417 | Val MSE 0.50000754
--- Training Linear ---
Model: Linear and parameters: <generator object Module.parameters at 0x146b7a1c9bd0>
Epoch 10: Train MSE 0.50020379 | Val MSE 0.50028206
Epoch 20: Train MSE 0.50022082 | Val MSE 0.50031106
Epoch 30: Train MSE 0.50019813 | Val MSE 0.50053430
Epoch 40: Train MSE 0.50018153 | Val MSE 0.50021595
Epoch 50: Train MSE 0.50014019 | Val MSE 0.50025077
Epoch 60: Train MSE 0.50014285 | Val MSE 0.50003655
Epoch 70: Train MSE 0.50017669 | Val MSE 0.50072922
Epoch 80: Train MSE 0.50020575 | Val MSE 0.50029516
Epoch 90: Train MSE 0.50016433 | Val MSE 0.50004239
Epoch 100: Train MSE 0.50018540 | Val MSE 0.50017063
Epoch 110: Train MSE 0.50016372 | Val MSE 0.49998088
Epoch 120: Train MSE 0.50022398 | Val MSE 0.50073116
Epoch 130: Train MSE 0.50023345 | Val MSE 0.50082457
Epoch 140: Train MSE 0.50014272 | Val MSE 0.50027595
Epoch 150: Train MSE 0.50017889 | Val MSE 0.50045967
Epoch 160: Train MSE 0.50018722 | Val MSE 0.50127656
Epoch 170: Train MSE 0.50022752 | Val MSE 0.50027302
Epoch 180: Train MSE 0.50010655 | Val MSE 0.50028365
Epoch 190: Train MSE 0.50024351 | Val MSE 0.50038374
Epoch 200: Train MSE 0.50021070 | Val MSE 0.50024428
Epoch 210: Train MSE 0.50018267 | Val MSE 0.50036799
Epoch 220: Train MSE 0.50022329 | Val MSE 0.50028140
Epoch 230: Train MSE 0.50020878 | Val MSE 0.50042563
Epoch 240: Train MSE 0.50013899 | Val MSE 0.50061494
Epoch 250: Train MSE 0.50025451 | Val MSE 0.50039185
Epoch 260: Train MSE 0.50011272 | Val MSE 0.50116280
Epoch 270: Train MSE 0.50020858 | Val MSE 0.50028470
Epoch 280: Train MSE 0.50016934 | Val MSE 0.50051847
Epoch 290: Train MSE 0.50020125 | Val MSE 0.50022433
Epoch 300: Train MSE 0.50014517 | Val MSE 0.50024780
--- Training IQ_CNN ---
Model: IQ_CNN and parameters: <generator object Module.parameters at 0x146b7a1ca420>
Epoch 10: Train MSE 0.50001821 | Val MSE 0.50000548
Epoch 20: Train MSE 0.50001193 | Val MSE 0.50001890
Epoch 30: Train MSE 0.50001639 | Val MSE 0.50001538
Epoch 40: Train MSE 0.50001222 | Val MSE 0.50004738
Epoch 50: Train MSE 0.50001307 | Val MSE 0.50002682
Epoch 60: Train MSE 0.50000799 | Val MSE 0.50001792
Epoch 70: Train MSE 0.50000835 | Val MSE 0.50001045
Epoch 80: Train MSE 0.50000867 | Val MSE 0.50001831
Epoch 90: Train MSE 0.50000785 | Val MSE 0.50000748
Epoch 100: Train MSE 0.50000434 | Val MSE 0.50000618
Epoch 110: Train MSE 0.50000355 | Val MSE 0.50002909
Epoch 120: Train MSE 0.50000501 | Val MSE 0.50002319
Epoch 130: Train MSE 0.50000670 | Val MSE 0.50000275
Epoch 140: Train MSE 0.50000887 | Val MSE 0.50000500
Epoch 150: Train MSE 0.50000703 | Val MSE 0.49999946
Epoch 160: Train MSE 0.50000700 | Val MSE 0.50000542
Epoch 170: Train MSE 0.50000682 | Val MSE 0.50000597
Epoch 180: Train MSE 0.50000746 | Val MSE 0.50000684
Epoch 190: Train MSE 0.50000815 | Val MSE 0.50000806
Epoch 200: Train MSE 0.50000533 | Val MSE 0.50005203
Epoch 210: Train MSE 0.50000829 | Val MSE 0.49999856
Epoch 220: Train MSE 0.50001252 | Val MSE 0.50000523
Epoch 230: Train MSE 0.50000183 | Val MSE 0.50001813
Epoch 240: Train MSE 0.50000726 | Val MSE 0.50000287
Epoch 250: Train MSE 0.50000728 | Val MSE 0.50000318
Epoch 260: Train MSE 0.49999816 | Val MSE 0.50001632
Epoch 270: Train MSE 0.50000842 | Val MSE 0.49999555
Epoch 280: Train MSE 0.50000406 | Val MSE 0.50000420
Epoch 290: Train MSE 0.50000693 | Val MSE 0.50000170
Epoch 300: Train MSE 0.50000697 | Val MSE 0.50000403

% Copy this into your LaTeX report:
\begin{table}[h]\centering
\begin{tabular}{lccc}
\hline \textbf{Model} & \textbf{Final MSE} & \textbf{SDR (dB)} & \textbf{Sym Acc} \\ \hline
Hybrid & 0.50000 & -0.00 & 0.2496 \\
LSTM & 0.50001 & -0.00 & 0.2502 \\
Linear & 0.50025 & -0.00 & 0.2487 \\
IQ_CNN & 0.50000 & -0.00 & 0.2507 \\
\hline
\end{tabular}
\end{table}
