Using data stored in data folder
WE MADE IT BEFORE THE Separator
MOdels were tested
--- Training Hybrid ---
Model: Hybrid and parameters: <generator object Module.parameters at 0x15145fd3ae30>
Epoch 10: Train MSE 0.50000400 | Val MSE 0.50000681
Epoch 20: Train MSE 0.50000422 | Val MSE 0.50000795
Epoch 30: Train MSE 0.50000373 | Val MSE 0.50000946
Epoch 40: Train MSE 0.50000427 | Val MSE 0.50001158
Epoch 50: Train MSE 0.50000420 | Val MSE 0.50000157
Epoch 60: Train MSE 0.50000400 | Val MSE 0.50000130
Epoch 70: Train MSE 0.50000457 | Val MSE 0.50000098
Epoch 80: Train MSE 0.50000421 | Val MSE 0.50000357
Epoch 90: Train MSE 0.50000460 | Val MSE 0.50000074
Epoch 100: Train MSE 0.50000434 | Val MSE 0.50000490
Epoch 110: Train MSE 0.50000418 | Val MSE 0.50000308
Epoch 120: Train MSE 0.50000443 | Val MSE 0.50000010
Epoch 130: Train MSE 0.50000405 | Val MSE 0.50000184
Epoch 140: Train MSE 0.50000477 | Val MSE 0.50000317
Epoch 150: Train MSE 0.50000352 | Val MSE 0.50000620
Epoch 160: Train MSE 0.50000453 | Val MSE 0.50000327
Epoch 170: Train MSE 0.50000478 | Val MSE 0.50000211
Epoch 180: Train MSE 0.50000394 | Val MSE 0.50000678
Epoch 190: Train MSE 0.50000401 | Val MSE 0.50000449
Epoch 200: Train MSE 0.50000459 | Val MSE 0.50001682
Epoch 210: Train MSE 0.50000447 | Val MSE 0.50000194
Epoch 220: Train MSE 0.50000359 | Val MSE 0.50000839
Epoch 230: Train MSE 0.50000353 | Val MSE 0.50000247
Epoch 240: Train MSE 0.50000408 | Val MSE 0.49999995
Epoch 250: Train MSE 0.50000481 | Val MSE 0.50000450
Epoch 260: Train MSE 0.50000476 | Val MSE 0.50000243
Epoch 270: Train MSE 0.50000470 | Val MSE 0.50000643
Epoch 280: Train MSE 0.50000520 | Val MSE 0.50000401
Epoch 290: Train MSE 0.50000450 | Val MSE 0.50001116
Epoch 300: Train MSE 0.50000487 | Val MSE 0.50000756
--- Training LSTM ---
Model: LSTM and parameters: <generator object Module.parameters at 0x15142c483ca0>
Epoch 10: Train MSE 0.50000424 | Val MSE 0.50000687
Epoch 20: Train MSE 0.50000418 | Val MSE 0.50000454
Epoch 30: Train MSE 0.50000483 | Val MSE 0.50001721
Epoch 40: Train MSE 0.50000430 | Val MSE 0.50000083
Epoch 50: Train MSE 0.50000401 | Val MSE 0.50000137
Epoch 60: Train MSE 0.50000401 | Val MSE 0.50000020
Epoch 70: Train MSE 0.50000464 | Val MSE 0.50000025
Epoch 80: Train MSE 0.50000503 | Val MSE 0.50000132
Epoch 90: Train MSE 0.50000420 | Val MSE 0.50000046
Epoch 100: Train MSE 0.50000420 | Val MSE 0.50000340
Epoch 110: Train MSE 0.50000466 | Val MSE 0.50000598
Epoch 120: Train MSE 0.50000442 | Val MSE 0.50000300
Epoch 130: Train MSE 0.50000375 | Val MSE 0.50001092
Epoch 140: Train MSE 0.50000426 | Val MSE 0.50001380
Epoch 150: Train MSE 0.50000424 | Val MSE 0.50000359
Epoch 160: Train MSE 0.50000435 | Val MSE 0.50000159
Epoch 170: Train MSE 0.50000511 | Val MSE 0.49999946
Epoch 180: Train MSE 0.50000449 | Val MSE 0.50000000
Epoch 190: Train MSE 0.50000481 | Val MSE 0.50000287
Epoch 200: Train MSE 0.50000464 | Val MSE 0.50000049
Epoch 210: Train MSE 0.50000411 | Val MSE 0.50000747
Epoch 220: Train MSE 0.50000434 | Val MSE 0.49999989
Epoch 230: Train MSE 0.50000429 | Val MSE 0.50000124
Epoch 240: Train MSE 0.50000389 | Val MSE 0.50000450
Epoch 250: Train MSE 0.50000427 | Val MSE 0.50000400
Epoch 260: Train MSE 0.50000452 | Val MSE 0.50000302
Epoch 270: Train MSE 0.50000420 | Val MSE 0.50000020
Epoch 280: Train MSE 0.50000412 | Val MSE 0.50000022
Epoch 290: Train MSE 0.50000520 | Val MSE 0.50000546
Epoch 300: Train MSE 0.50000368 | Val MSE 0.50000967
--- Training Linear ---
Model: Linear and parameters: <generator object Module.parameters at 0x1514616f6f10>
Epoch 10: Train MSE 0.50019041 | Val MSE 0.50039585
Epoch 20: Train MSE 0.50019055 | Val MSE 0.50042367
Epoch 30: Train MSE 0.50021352 | Val MSE 0.50024921
Epoch 40: Train MSE 0.50019260 | Val MSE 0.50033748
Epoch 50: Train MSE 0.50015634 | Val MSE 0.50008638
Epoch 60: Train MSE 0.50017895 | Val MSE 0.50026035
Epoch 70: Train MSE 0.50015460 | Val MSE 0.50031957
Epoch 80: Train MSE 0.50017941 | Val MSE 0.50007057
Epoch 90: Train MSE 0.50021803 | Val MSE 0.50015853
Epoch 100: Train MSE 0.50020970 | Val MSE 0.50009464
Epoch 110: Train MSE 0.50019390 | Val MSE 0.50032358
Epoch 120: Train MSE 0.50017727 | Val MSE 0.49997753
Epoch 130: Train MSE 0.50021164 | Val MSE 0.50029877
Epoch 140: Train MSE 0.50019120 | Val MSE 0.50018191
Epoch 150: Train MSE 0.50013853 | Val MSE 0.50008204
Epoch 160: Train MSE 0.50020820 | Val MSE 0.50029547
Epoch 170: Train MSE 0.50016888 | Val MSE 0.50007888
Epoch 180: Train MSE 0.50017787 | Val MSE 0.50034159
Epoch 190: Train MSE 0.50018572 | Val MSE 0.50055213
Epoch 200: Train MSE 0.50021700 | Val MSE 0.50032585
Epoch 210: Train MSE 0.50019269 | Val MSE 0.50020509
Epoch 220: Train MSE 0.50019962 | Val MSE 0.50023014
Epoch 230: Train MSE 0.50017324 | Val MSE 0.50016706
Epoch 240: Train MSE 0.50019631 | Val MSE 0.50056514
Epoch 250: Train MSE 0.50020669 | Val MSE 0.50002283
Epoch 260: Train MSE 0.50023522 | Val MSE 0.50019255
Epoch 270: Train MSE 0.50021979 | Val MSE 0.50001288
Epoch 280: Train MSE 0.50020581 | Val MSE 0.50026256
Epoch 290: Train MSE 0.50021950 | Val MSE 0.50007570
Epoch 300: Train MSE 0.50018278 | Val MSE 0.49999912
--- Training IQ_CNN ---
Model: IQ_CNN and parameters: <generator object Module.parameters at 0x1514616f4970>
Epoch 10: Train MSE 0.50000877 | Val MSE 0.50003573
Epoch 20: Train MSE 0.49999651 | Val MSE 0.50004649
Epoch 30: Train MSE 0.49996886 | Val MSE 0.50006758
Epoch 40: Train MSE 0.49990765 | Val MSE 0.50017450
Epoch 50: Train MSE 0.49981442 | Val MSE 0.50021906
Epoch 60: Train MSE 0.49970415 | Val MSE 0.50042394
Epoch 70: Train MSE 0.49956766 | Val MSE 0.50041117
Epoch 80: Train MSE 0.49808745 | Val MSE 0.50514589
Epoch 90: Train MSE 0.48995379 | Val MSE 0.50708198
Epoch 100: Train MSE 0.47715004 | Val MSE 0.51722852
Epoch 110: Train MSE 0.46616272 | Val MSE 0.52322719
Epoch 120: Train MSE 0.45547445 | Val MSE 0.53578898
Epoch 130: Train MSE 0.44431214 | Val MSE 0.54333415
Epoch 140: Train MSE 0.43344648 | Val MSE 0.55234484
Epoch 150: Train MSE 0.42392783 | Val MSE 0.56354439
Epoch 160: Train MSE 0.41549976 | Val MSE 0.56486891
Epoch 170: Train MSE 0.40817080 | Val MSE 0.57255236
Epoch 180: Train MSE 0.40231643 | Val MSE 0.58669299
Epoch 190: Train MSE 0.39720626 | Val MSE 0.58862126
Epoch 200: Train MSE 0.39312414 | Val MSE 0.59403865
Epoch 210: Train MSE 0.38831270 | Val MSE 0.60194361
Epoch 220: Train MSE 0.38518485 | Val MSE 0.60099679
Epoch 230: Train MSE 0.38122313 | Val MSE 0.60745413
Epoch 240: Train MSE 0.37746320 | Val MSE 0.60588338
Epoch 250: Train MSE 0.37369146 | Val MSE 0.61712675
Epoch 260: Train MSE 0.37007945 | Val MSE 0.61956277
Epoch 270: Train MSE 0.36578346 | Val MSE 0.62448383
Epoch 280: Train MSE 0.36215328 | Val MSE 0.63238403
Epoch 290: Train MSE 0.35815090 | Val MSE 0.63444260
Epoch 300: Train MSE 0.35451393 | Val MSE 0.63455644
--- Training HTDemucs ---
Model: HTDemucs and parameters: <generator object Module.parameters at 0x1514616f7920>
Epoch 10: Train MSE 0.49977565 | Val MSE 0.50023529
Epoch 20: Train MSE 0.49569769 | Val MSE 0.50351078
Epoch 30: Train MSE 0.48837085 | Val MSE 0.50967090
Epoch 40: Train MSE 0.48347990 | Val MSE 0.51332106
Epoch 50: Train MSE 0.48020073 | Val MSE 0.51741212
Epoch 60: Train MSE 0.47777467 | Val MSE 0.51988492
Epoch 70: Train MSE 0.47578196 | Val MSE 0.52233668
Epoch 80: Train MSE 0.47384181 | Val MSE 0.52388090
Epoch 90: Train MSE 0.47138064 | Val MSE 0.52578649
Epoch 100: Train MSE 0.46882066 | Val MSE 0.52797080
Epoch 110: Train MSE 0.46656427 | Val MSE 0.53036618
Epoch 120: Train MSE 0.46463079 | Val MSE 0.53230465
Epoch 130: Train MSE 0.46292992 | Val MSE 0.53441910
Epoch 140: Train MSE 0.46144750 | Val MSE 0.53591309
Epoch 150: Train MSE 0.46011050 | Val MSE 0.53692498
Epoch 160: Train MSE 0.45886036 | Val MSE 0.53821979
Epoch 170: Train MSE 0.45783328 | Val MSE 0.53918911
Epoch 180: Train MSE 0.45681009 | Val MSE 0.54016233
Epoch 190: Train MSE 0.45587763 | Val MSE 0.54189823
Epoch 200: Train MSE 0.45501138 | Val MSE 0.54231898
Epoch 210: Train MSE 0.45420513 | Val MSE 0.54332994
Epoch 220: Train MSE 0.45345210 | Val MSE 0.54378477
Epoch 230: Train MSE 0.45276395 | Val MSE 0.54549249
Epoch 240: Train MSE 0.45207459 | Val MSE 0.54475984
Epoch 250: Train MSE 0.45142130 | Val MSE 0.54609460
Epoch 260: Train MSE 0.45079717 | Val MSE 0.54686579
Epoch 270: Train MSE 0.45026079 | Val MSE 0.54835405
Epoch 280: Train MSE 0.44971692 | Val MSE 0.54873543
Epoch 290: Train MSE 0.44914287 | Val MSE 0.54896820
Epoch 300: Train MSE 0.44867808 | Val MSE 0.55006083

% Copy this into your LaTeX report:
\begin{table}[h]\centering
\begin{tabular}{lccc}
\hline \textbf{Model} & \textbf{Final MSE} & \textbf{SDR (dB)} & \textbf{Sym Acc} \\ \hline
Hybrid & 0.50001 & -0.00 & 0.2493 \\
LSTM & 0.50001 & -0.00 & 0.2493 \\
Linear & 0.50000 & 0.00 & 0.2543 \\
IQ_CNN & 0.63456 & -0.84 & 0.2535 \\
HTDemucs & 0.55006 & -0.41 & 0.2503 \\
\hline
\end{tabular}
\end{table}
