Using data stored in data folder
WE MADE IT BEFORE THE Separator
MOdels were tested
--- Training Hybrid ---
Model: Hybrid and parameters: <generator object Module.parameters at 0x14e09daaee30>
Epoch 10: Train MSE 0.50000437 | Val MSE 0.49999975
Epoch 20: Train MSE 0.50000522 | Val MSE 0.50000218
Epoch 30: Train MSE 0.50000379 | Val MSE 0.50000225
Epoch 40: Train MSE 0.50000405 | Val MSE 0.50000177
Epoch 50: Train MSE 0.50000388 | Val MSE 0.50000412
Epoch 60: Train MSE 0.50000419 | Val MSE 0.50000065
Epoch 70: Train MSE 0.50000452 | Val MSE 0.50000419
Epoch 80: Train MSE 0.50000480 | Val MSE 0.50000462
Epoch 90: Train MSE 0.50000430 | Val MSE 0.50001068
Epoch 100: Train MSE 0.50000390 | Val MSE 0.50001745
Epoch 110: Train MSE 0.50000418 | Val MSE 0.50000086
Epoch 120: Train MSE 0.50000469 | Val MSE 0.50000192
Epoch 130: Train MSE 0.50000377 | Val MSE 0.50000300
Epoch 140: Train MSE 0.50000506 | Val MSE 0.50000434
Epoch 150: Train MSE 0.50000372 | Val MSE 0.50000248
Epoch 160: Train MSE 0.50000471 | Val MSE 0.50000066
Epoch 170: Train MSE 0.50000429 | Val MSE 0.50000000
Epoch 180: Train MSE 0.50000445 | Val MSE 0.50000079
Epoch 190: Train MSE 0.50000402 | Val MSE 0.50000411
Epoch 200: Train MSE 0.50000355 | Val MSE 0.50000883
Epoch 210: Train MSE 0.50000444 | Val MSE 0.50000495
Epoch 220: Train MSE 0.50000496 | Val MSE 0.50000029
Epoch 230: Train MSE 0.50000462 | Val MSE 0.50000373
Epoch 240: Train MSE 0.50000383 | Val MSE 0.50000151
Epoch 250: Train MSE 0.50000404 | Val MSE 0.50000122
Epoch 260: Train MSE 0.50000458 | Val MSE 0.50000861
Epoch 270: Train MSE 0.50000435 | Val MSE 0.50000109
Epoch 280: Train MSE 0.50000435 | Val MSE 0.49999986
Epoch 290: Train MSE 0.50000419 | Val MSE 0.50000387
Epoch 300: Train MSE 0.50000368 | Val MSE 0.50000779
--- Training LSTM ---
Model: LSTM and parameters: <generator object Module.parameters at 0x14e09f4c27a0>
Epoch 10: Train MSE 0.50000221 | Val MSE 0.50012966
Epoch 20: Train MSE 0.49998548 | Val MSE 0.50007443
Epoch 30: Train MSE 0.49994371 | Val MSE 0.50018328
Epoch 40: Train MSE 0.49979898 | Val MSE 0.50023704
Epoch 50: Train MSE 0.49910989 | Val MSE 0.50065516
Epoch 60: Train MSE 0.49533779 | Val MSE 0.50334789
Epoch 70: Train MSE 0.48518926 | Val MSE 0.51354067
Epoch 80: Train MSE 0.46450838 | Val MSE 0.52372472
Epoch 90: Train MSE 0.43622277 | Val MSE 0.55184112
Epoch 100: Train MSE 0.39759298 | Val MSE 0.58327479
Epoch 110: Train MSE 0.35373289 | Val MSE 0.61416724
Epoch 120: Train MSE 0.31486044 | Val MSE 0.63861641
Epoch 130: Train MSE 0.27284571 | Val MSE 0.67062083
Epoch 140: Train MSE 0.24756883 | Val MSE 0.69880147
Epoch 150: Train MSE 0.21015720 | Val MSE 0.71558246
Epoch 160: Train MSE 0.18942197 | Val MSE 0.73705031
Epoch 170: Train MSE 0.16668788 | Val MSE 0.75596790
Epoch 180: Train MSE 0.14834037 | Val MSE 0.76544870
Epoch 190: Train MSE 0.13446527 | Val MSE 0.77945235
Epoch 200: Train MSE 0.13089091 | Val MSE 0.78509377
Epoch 210: Train MSE 0.11573216 | Val MSE 0.78678272
Epoch 220: Train MSE 0.11445656 | Val MSE 0.75889100
Epoch 230: Train MSE 0.10315915 | Val MSE 0.80332554
Epoch 240: Train MSE 0.09979838 | Val MSE 0.79696654
Epoch 250: Train MSE 0.08720787 | Val MSE 0.80223453
Epoch 260: Train MSE 0.08452656 | Val MSE 0.80879609
Epoch 270: Train MSE 0.07785987 | Val MSE 0.80516068
Epoch 280: Train MSE 0.07499744 | Val MSE 0.80689545
Epoch 290: Train MSE 0.09055322 | Val MSE 0.80888447
Epoch 300: Train MSE 0.07167695 | Val MSE 0.81539311
--- Training Linear ---
Model: Linear and parameters: <generator object Module.parameters at 0x14e09f4c1ee0>
Epoch 10: Train MSE 0.50014333 | Val MSE 0.50041781
Epoch 20: Train MSE 0.50017893 | Val MSE 0.50068716
Epoch 30: Train MSE 0.50013369 | Val MSE 0.50023311
Epoch 40: Train MSE 0.50013258 | Val MSE 0.50052220
Epoch 50: Train MSE 0.50016971 | Val MSE 0.50044179
Epoch 60: Train MSE 0.50015888 | Val MSE 0.50046963
Epoch 70: Train MSE 0.50012564 | Val MSE 0.50055040
Epoch 80: Train MSE 0.50010505 | Val MSE 0.50050378
Epoch 90: Train MSE 0.50013551 | Val MSE 0.50060504
Epoch 100: Train MSE 0.50017469 | Val MSE 0.50026664
Epoch 110: Train MSE 0.50015750 | Val MSE 0.50019867
Epoch 120: Train MSE 0.50016998 | Val MSE 0.50024421
Epoch 130: Train MSE 0.50013863 | Val MSE 0.50031247
Epoch 140: Train MSE 0.50011827 | Val MSE 0.50016798
Epoch 150: Train MSE 0.50018083 | Val MSE 0.50010091
Epoch 160: Train MSE 0.50012340 | Val MSE 0.50048860
Epoch 170: Train MSE 0.50014095 | Val MSE 0.50025986
Epoch 180: Train MSE 0.50010250 | Val MSE 0.50016613
Epoch 190: Train MSE 0.50014349 | Val MSE 0.50042223
Epoch 200: Train MSE 0.50019130 | Val MSE 0.50019859
Epoch 210: Train MSE 0.50012534 | Val MSE 0.49998556
Epoch 220: Train MSE 0.50014649 | Val MSE 0.50055437
Epoch 230: Train MSE 0.50011238 | Val MSE 0.50055251
Epoch 240: Train MSE 0.50015963 | Val MSE 0.50043546
Epoch 250: Train MSE 0.50017092 | Val MSE 0.50036311
Epoch 260: Train MSE 0.50014208 | Val MSE 0.50054748
Epoch 270: Train MSE 0.50016150 | Val MSE 0.50043537
Epoch 280: Train MSE 0.50013374 | Val MSE 0.50009329
Epoch 290: Train MSE 0.50017861 | Val MSE 0.50032571
Epoch 300: Train MSE 0.50015023 | Val MSE 0.50027675
--- Training IQ_CNN ---
Model: IQ_CNN and parameters: <generator object Module.parameters at 0x14e09f4c25e0>
Epoch 10: Train MSE 0.50000492 | Val MSE 0.50016635
Epoch 20: Train MSE 0.49995662 | Val MSE 0.50026739
Epoch 30: Train MSE 0.49988789 | Val MSE 0.50025136
Epoch 40: Train MSE 0.49978465 | Val MSE 0.50072356
Epoch 50: Train MSE 0.49958996 | Val MSE 0.50047670
Epoch 60: Train MSE 0.49884719 | Val MSE 0.50035176
Epoch 70: Train MSE 0.46397518 | Val MSE 0.52046321
Epoch 80: Train MSE 0.44331619 | Val MSE 0.53804660
Epoch 90: Train MSE 0.42836025 | Val MSE 0.54868013
Epoch 100: Train MSE 0.40813779 | Val MSE 0.57538421
Epoch 110: Train MSE 0.40013396 | Val MSE 0.58606494
Epoch 120: Train MSE 0.39380968 | Val MSE 0.59705323
Epoch 130: Train MSE 0.38900556 | Val MSE 0.59895685
Epoch 140: Train MSE 0.38359157 | Val MSE 0.60850978
Epoch 150: Train MSE 0.37901825 | Val MSE 0.61019247
Epoch 160: Train MSE 0.37403562 | Val MSE 0.61016952
Epoch 170: Train MSE 0.37200467 | Val MSE 0.61525486
Epoch 180: Train MSE 0.36674258 | Val MSE 0.62216285
Epoch 190: Train MSE 0.36206547 | Val MSE 0.62221616
Epoch 200: Train MSE 0.35853531 | Val MSE 0.62593401
Epoch 210: Train MSE 0.35595084 | Val MSE 0.62089858
Epoch 220: Train MSE 0.35251375 | Val MSE 0.61458246
Epoch 230: Train MSE 0.35074050 | Val MSE 0.61614274
Epoch 240: Train MSE 0.34784198 | Val MSE 0.62501601
Epoch 250: Train MSE 0.34416940 | Val MSE 0.61360839
Epoch 260: Train MSE 0.33857836 | Val MSE 0.63402157
Epoch 270: Train MSE 0.32137695 | Val MSE 0.66781644
Epoch 280: Train MSE 0.31166524 | Val MSE 0.67342181
Epoch 290: Train MSE 0.30261777 | Val MSE 0.68237603
Epoch 300: Train MSE 0.29652516 | Val MSE 0.69424312
--- Training HTDemucs ---
Model: HTDemucs and parameters: <generator object Module.parameters at 0x14e066f97ca0>
Epoch 10: Train MSE 0.49933136 | Val MSE 0.50056715
Epoch 20: Train MSE 0.48124351 | Val MSE 0.51450985
Epoch 30: Train MSE 0.46050902 | Val MSE 0.53362523
Epoch 40: Train MSE 0.44725399 | Val MSE 0.54567142
Epoch 50: Train MSE 0.43931951 | Val MSE 0.55310589
Epoch 60: Train MSE 0.43404045 | Val MSE 0.55767328
Epoch 70: Train MSE 0.43006851 | Val MSE 0.56054542
Epoch 80: Train MSE 0.42672932 | Val MSE 0.56370883
Epoch 90: Train MSE 0.42424243 | Val MSE 0.56618487
Epoch 100: Train MSE 0.42170167 | Val MSE 0.56791905
Epoch 110: Train MSE 0.41930119 | Val MSE 0.56975302
Epoch 120: Train MSE 0.41726822 | Val MSE 0.57312669
Epoch 130: Train MSE 0.41539345 | Val MSE 0.57468591
Epoch 140: Train MSE 0.41369793 | Val MSE 0.57624615
Epoch 150: Train MSE 0.41204099 | Val MSE 0.57945302
Epoch 160: Train MSE 0.41052644 | Val MSE 0.58018208
Epoch 170: Train MSE 0.40898415 | Val MSE 0.58238257
Epoch 180: Train MSE 0.40770228 | Val MSE 0.58390929
Epoch 190: Train MSE 0.40647469 | Val MSE 0.58482043
Epoch 200: Train MSE 0.40498122 | Val MSE 0.58704377
Epoch 210: Train MSE 0.40376485 | Val MSE 0.58866666
Epoch 220: Train MSE 0.40271502 | Val MSE 0.58961218
Epoch 230: Train MSE 0.40165265 | Val MSE 0.59135137
Epoch 240: Train MSE 0.40066008 | Val MSE 0.59243491
Epoch 250: Train MSE 0.39960829 | Val MSE 0.59235678
Epoch 260: Train MSE 0.39870499 | Val MSE 0.59374426
Epoch 270: Train MSE 0.39765960 | Val MSE 0.59560911
Epoch 280: Train MSE 0.39710089 | Val MSE 0.59680947
Epoch 290: Train MSE 0.39587888 | Val MSE 0.59763267
Epoch 300: Train MSE 0.39504789 | Val MSE 0.59841457

% Copy this into your LaTeX report:
\begin{table}[h]\centering
\begin{tabular}{lccc}
\hline \textbf{Model} & \textbf{Final MSE} & \textbf{SDR (dB)} & \textbf{Sym Acc} \\ \hline
Hybrid & 0.50001 & -0.00 & 0.2497 \\
LSTM & 0.81539 & -1.87 & 0.2541 \\
Linear & 0.50028 & -0.00 & 0.2431 \\
IQ_CNN & 0.69424 & -1.17 & 0.2464 \\
HTDemucs & 0.59841 & -0.78 & 0.2502 \\
\hline
\end{tabular}
\end{table}
