WE MADE IT BEFORE THE Separator
MOdels were tested
--- Training Hybrid ---
Epoch 5: Train MSE 0.4550 | Val MSE 0.4599
Epoch 10: Train MSE 0.4538 | Val MSE 0.4578
Epoch 15: Train MSE 0.4532 | Val MSE 0.4602
Epoch 20: Train MSE 0.4528 | Val MSE 0.4595
Epoch 25: Train MSE 0.4523 | Val MSE 0.4583
Epoch 30: Train MSE 0.4515 | Val MSE 0.4591
Epoch 35: Train MSE 0.4512 | Val MSE 0.4598
Epoch 40: Train MSE 0.4507 | Val MSE 0.4604
Epoch 45: Train MSE 0.4499 | Val MSE 0.4609
Epoch 50: Train MSE 0.4494 | Val MSE 0.4607
Traceback (most recent call last):
  File "/uufs/chpc.utah.edu/common/home/u1321655/Catpsone/DL-AIR/slurm/../main.py", line 42, in <module>
    main()
  File "/uufs/chpc.utah.edu/common/home/u1321655/Catpsone/DL-AIR/slurm/../main.py", line 35, in main
    all_results[name] = evaluator.run_full_evaluation(trained_model, t_hist, v_hist, name)
  File "/uufs/chpc.utah.edu/common/home/u1321655/Catpsone/DL-AIR/evaluate.py", line 26, in run_full_evaluation
    self.plotter.plot_data_pipeline(x, y) 
  File "/uufs/chpc.utah.edu/common/home/u1321655/Catpsone/DL-AIR/utils/plot_utils/plotting_utils.py", line 21, in plot_data_pipeline
    x_np = x_np.to(device)
UnboundLocalError: local variable 'x_np' referenced before assignment
