Using data stored in data folder
WE MADE IT BEFORE THE Separator
MOdels were tested
--- Training Hybrid ---
Model: Hybrid and parameters: <generator object Module.parameters at 0x14e6bf65ac70>
Epoch 10: Train MSE 0.50000470 | Val MSE 0.50000270
Epoch 20: Train MSE 0.50000490 | Val MSE 0.50000024
Epoch 30: Train MSE 0.50000471 | Val MSE 0.50000030
Epoch 40: Train MSE 0.50000376 | Val MSE 0.50000664
Epoch 50: Train MSE 0.50000423 | Val MSE 0.50000138
Epoch 60: Train MSE 0.50000412 | Val MSE 0.50000588
Epoch 70: Train MSE 0.50000422 | Val MSE 0.49999875
Epoch 80: Train MSE 0.50000431 | Val MSE 0.50000894
Epoch 90: Train MSE 0.50000418 | Val MSE 0.50000137
Epoch 100: Train MSE 0.50000447 | Val MSE 0.50000843
Epoch 110: Train MSE 0.50000426 | Val MSE 0.50000642
Epoch 120: Train MSE 0.50000482 | Val MSE 0.50001057
Epoch 130: Train MSE 0.50000483 | Val MSE 0.50000128
Epoch 140: Train MSE 0.50000517 | Val MSE 0.50000416
Epoch 150: Train MSE 0.50000415 | Val MSE 0.49999974
Epoch 160: Train MSE 0.50000363 | Val MSE 0.50000567
Epoch 170: Train MSE 0.50000466 | Val MSE 0.50001318
Epoch 180: Train MSE 0.50000459 | Val MSE 0.49999896
Epoch 190: Train MSE 0.50000482 | Val MSE 0.50000159
Epoch 200: Train MSE 0.50000410 | Val MSE 0.50000390
Epoch 210: Train MSE 0.50000482 | Val MSE 0.50000426
Epoch 220: Train MSE 0.50000434 | Val MSE 0.50000361
Epoch 230: Train MSE 0.50000411 | Val MSE 0.50000192
Epoch 240: Train MSE 0.50000372 | Val MSE 0.50001235
Epoch 250: Train MSE 0.50000410 | Val MSE 0.50000267
Epoch 260: Train MSE 0.50000470 | Val MSE 0.50000784
Epoch 270: Train MSE 0.50000415 | Val MSE 0.50001402
Epoch 280: Train MSE 0.50000398 | Val MSE 0.50001348
Epoch 290: Train MSE 0.50000417 | Val MSE 0.50000203
Epoch 300: Train MSE 0.50000361 | Val MSE 0.50001346
--- Training LSTM ---
Model: LSTM and parameters: <generator object Module.parameters at 0x14e6c111a6c0>
Epoch 10: Train MSE 0.50000748 | Val MSE 0.50000176
Epoch 20: Train MSE 0.50000431 | Val MSE 0.50000625
Epoch 30: Train MSE 0.50000423 | Val MSE 0.50000529
Epoch 40: Train MSE 0.50000451 | Val MSE 0.50000660
Epoch 50: Train MSE 0.50000462 | Val MSE 0.50000489
Epoch 60: Train MSE 0.50000440 | Val MSE 0.50000809
Epoch 70: Train MSE 0.50000445 | Val MSE 0.50000351
Epoch 80: Train MSE 0.50000457 | Val MSE 0.50000759
Epoch 90: Train MSE 0.50000425 | Val MSE 0.50000027
Epoch 100: Train MSE 0.50000453 | Val MSE 0.50000664
Epoch 110: Train MSE 0.50000546 | Val MSE 0.50000362
Epoch 120: Train MSE 0.50000462 | Val MSE 0.49999948
Epoch 130: Train MSE 0.50000419 | Val MSE 0.50000898
Epoch 140: Train MSE 0.50000434 | Val MSE 0.50000086
Epoch 150: Train MSE 0.50000491 | Val MSE 0.50000078
Epoch 160: Train MSE 0.50000471 | Val MSE 0.50000132
Epoch 170: Train MSE 0.50000439 | Val MSE 0.50000517
Epoch 180: Train MSE 0.50000459 | Val MSE 0.50000424
Epoch 190: Train MSE 0.50000376 | Val MSE 0.50000318
Epoch 200: Train MSE 0.50000373 | Val MSE 0.50000615
Epoch 210: Train MSE 0.50000444 | Val MSE 0.50000579
Epoch 220: Train MSE 0.50000377 | Val MSE 0.50000685
Epoch 230: Train MSE 0.50000417 | Val MSE 0.50000569
Epoch 240: Train MSE 0.50000422 | Val MSE 0.49999932
Epoch 250: Train MSE 0.50000415 | Val MSE 0.50000240
Epoch 260: Train MSE 0.50000486 | Val MSE 0.50000334
Epoch 270: Train MSE 0.50000403 | Val MSE 0.50001224
Epoch 280: Train MSE 0.50000466 | Val MSE 0.50000371
Epoch 290: Train MSE 0.50000379 | Val MSE 0.50001855
Epoch 300: Train MSE 0.50000412 | Val MSE 0.50001101
--- Training Linear ---
Model: Linear and parameters: <generator object Module.parameters at 0x14e6c111a8f0>
Epoch 10: Train MSE 0.50019459 | Val MSE 0.50009556
Epoch 20: Train MSE 0.50020630 | Val MSE 0.50014492
Epoch 30: Train MSE 0.50019091 | Val MSE 0.50016179
Epoch 40: Train MSE 0.50019104 | Val MSE 0.50017220
Epoch 50: Train MSE 0.50020567 | Val MSE 0.50013539
Epoch 60: Train MSE 0.50021092 | Val MSE 0.50008827
Epoch 70: Train MSE 0.50019155 | Val MSE 0.50019533
Epoch 80: Train MSE 0.50015756 | Val MSE 0.50041197
Epoch 90: Train MSE 0.50022540 | Val MSE 0.50037055
Epoch 100: Train MSE 0.50017994 | Val MSE 0.50001488
Epoch 110: Train MSE 0.50022203 | Val MSE 0.50027811
Epoch 120: Train MSE 0.50019579 | Val MSE 0.49988008
Epoch 130: Train MSE 0.50018200 | Val MSE 0.50025934
Epoch 140: Train MSE 0.50017679 | Val MSE 0.50033490
Epoch 150: Train MSE 0.50018613 | Val MSE 0.50007339
Epoch 160: Train MSE 0.50016116 | Val MSE 0.50061509
Epoch 170: Train MSE 0.50016960 | Val MSE 0.50045687
Epoch 180: Train MSE 0.50019539 | Val MSE 0.50009649
Epoch 190: Train MSE 0.50019687 | Val MSE 0.50041991
Epoch 200: Train MSE 0.50022592 | Val MSE 0.49999382
Epoch 210: Train MSE 0.50019426 | Val MSE 0.50013679
Epoch 220: Train MSE 0.50021060 | Val MSE 0.50027016
Epoch 230: Train MSE 0.50019000 | Val MSE 0.50020665
Epoch 240: Train MSE 0.50018284 | Val MSE 0.50029934
Epoch 250: Train MSE 0.50016189 | Val MSE 0.50013391
Epoch 260: Train MSE 0.50016231 | Val MSE 0.50021678
Epoch 270: Train MSE 0.50019345 | Val MSE 0.50014197
Epoch 280: Train MSE 0.50017243 | Val MSE 0.50020828
Epoch 290: Train MSE 0.50017969 | Val MSE 0.50015255
Epoch 300: Train MSE 0.50018738 | Val MSE 0.50040024
--- Training IQ_CNN ---
Model: IQ_CNN and parameters: <generator object Module.parameters at 0x14e6c11198c0>
Epoch 10: Train MSE 0.50001056 | Val MSE 0.50004913
Epoch 20: Train MSE 0.50000263 | Val MSE 0.50008783
Epoch 30: Train MSE 0.49998384 | Val MSE 0.50014418
Epoch 40: Train MSE 0.49994600 | Val MSE 0.50024647
Epoch 50: Train MSE 0.49986637 | Val MSE 0.50021814
Epoch 60: Train MSE 0.49975198 | Val MSE 0.50041700
Epoch 70: Train MSE 0.49957054 | Val MSE 0.50044726
Epoch 80: Train MSE 0.49927022 | Val MSE 0.50139454
Epoch 90: Train MSE 0.49330002 | Val MSE 0.50437004
Epoch 100: Train MSE 0.47689250 | Val MSE 0.51646148
Epoch 110: Train MSE 0.46087721 | Val MSE 0.52801164
Epoch 120: Train MSE 0.45026501 | Val MSE 0.53307295
Epoch 130: Train MSE 0.44407630 | Val MSE 0.53463488
Epoch 140: Train MSE 0.43972721 | Val MSE 0.53705786
Epoch 150: Train MSE 0.43169946 | Val MSE 0.55273715
Epoch 160: Train MSE 0.41805624 | Val MSE 0.56502167
Epoch 170: Train MSE 0.40757960 | Val MSE 0.57671936
Epoch 180: Train MSE 0.39781559 | Val MSE 0.56604158
Epoch 190: Train MSE 0.38780877 | Val MSE 0.59532980
Epoch 200: Train MSE 0.37934072 | Val MSE 0.59785713
Epoch 210: Train MSE 0.36918151 | Val MSE 0.62476136
Epoch 220: Train MSE 0.35709002 | Val MSE 0.62514693
Epoch 230: Train MSE 0.34927576 | Val MSE 0.63182579
Epoch 240: Train MSE 0.33999668 | Val MSE 0.64609014
Epoch 250: Train MSE 0.33214322 | Val MSE 0.65004444
Epoch 260: Train MSE 0.32456114 | Val MSE 0.65525528
Epoch 270: Train MSE 0.31831621 | Val MSE 0.66515732
Epoch 280: Train MSE 0.31256201 | Val MSE 0.66602096
Epoch 290: Train MSE 0.30673835 | Val MSE 0.68114956
Epoch 300: Train MSE 0.30230444 | Val MSE 0.68291108

% Copy this into your LaTeX report:
\begin{table}[h]\centering
\begin{tabular}{lccc}
\hline \textbf{Model} & \textbf{Final MSE} & \textbf{SDR (dB)} & \textbf{Sym Acc} \\ \hline
Hybrid & 0.50001 & -0.00 & 0.2496 \\
LSTM & 0.50001 & -0.00 & 0.2496 \\
Linear & 0.50040 & -0.00 & 0.2455 \\
IQ_CNN & 0.68291 & -1.11 & 0.2474 \\
\hline
\end{tabular}
\end{table}
