Device: cuda
Dataset size: 1000
Model: LinearSeparator
Epoch    1 | loss = 0.50960558
Epoch   10 | loss = 0.45901512
Epoch   20 | loss = 0.45622406
Epoch   30 | loss = 0.45531241
Epoch   40 | loss = 0.45473747
Epoch   50 | loss = 0.45435800
Epoch   60 | loss = 0.45381828
Epoch   70 | loss = 0.45318531
Epoch   80 | loss = 0.45288978
Epoch   90 | loss = 0.45278669
Epoch  100 | loss = 0.45278550
Epoch  110 | loss = 0.45280582
Epoch  120 | loss = 0.45282186
Epoch  130 | loss = 0.45276093
Epoch  140 | loss = 0.45276460
Epoch  150 | loss = 0.45279218
Epoch  160 | loss = 0.45286849
Epoch  170 | loss = 0.45274359
Epoch  180 | loss = 0.45286486
Epoch  190 | loss = 0.45276489
Epoch  200 | loss = 0.45276808
Epoch  210 | loss = 0.45282849
Epoch  220 | loss = 0.45281016
Epoch  230 | loss = 0.45279152
Epoch  240 | loss = 0.45283155
Epoch  250 | loss = 0.45276991
Epoch  260 | loss = 0.45285123
Epoch  270 | loss = 0.45284193
Epoch  280 | loss = 0.45276874
Epoch  290 | loss = 0.45277231
Epoch  300 | loss = 0.45281104
Device: cuda
Dataset size: 1000
Model: TinySeparator
Epoch    1 | loss = 0.46244111
Epoch   10 | loss = 0.45107496
Epoch   20 | loss = 0.44907085
Epoch   30 | loss = 0.44645584
Epoch   40 | loss = 0.44406177
Epoch   50 | loss = 0.44108051
Epoch   60 | loss = 0.43896958
Epoch   70 | loss = 0.43728075
Epoch   80 | loss = 0.43472797
Epoch   90 | loss = 0.43275068
Epoch  100 | loss = 0.43186690
Epoch  110 | loss = 0.42941737
Epoch  120 | loss = 0.42868459
Epoch  130 | loss = 0.42788850
Epoch  140 | loss = 0.42790719
Epoch  150 | loss = 0.42611753
Epoch  160 | loss = 0.42594577
Epoch  170 | loss = 0.42461916
Epoch  180 | loss = 0.42454580
Epoch  190 | loss = 0.42433136
Epoch  200 | loss = 0.42379034
Epoch  210 | loss = 0.42255309
Epoch  220 | loss = 0.42245132
Epoch  230 | loss = 0.42179611
Epoch  240 | loss = 0.42135043
Epoch  250 | loss = 0.42158995
Epoch  260 | loss = 0.42035188
Epoch  270 | loss = 0.42019873
Epoch  280 | loss = 0.42009790
Epoch  290 | loss = 0.41947534
Epoch  300 | loss = 0.41926953

--- Validation ---
/uufs/chpc.utah.edu/common/home/u1321655/Capstone/train_and_validate.py:84: FutureWarning: You are using `torch.load` with `weights_only=False` (the current default value), which uses the default pickle module implicitly. It is possible to construct malicious pickle data which will execute arbitrary code during unpickling (See https://github.com/pytorch/pytorch/blob/main/SECURITY.md#untrusted-models for more details). In a future release, the default value for `weights_only` will be flipped to `True`. This limits the functions that could be executed during unpickling. Arbitrary objects will no longer be allowed to be loaded via this mode unless they are explicitly allowlisted by the user via `torch.serialization.add_safe_globals`. We recommend you start setting `weights_only=True` for any use case where you don't have full control of the loaded file. Please open an issue on GitHub for any issues related to this experimental feature.
  model.load_state_dict(torch.load(model_path, map_location=device))
Device: cuda
Validation set size: 100
Model: LinearSeparator
Validation PIT MSE loss: 0.45510859
Device: cuda
Validation set size: 100
Model: TinySeparator
Validation PIT MSE loss: 0.49661469
