WE MADE IT BEFORE THE Separator
MOdels were tested
--- Training Hybrid ---
Model: Hybrid and parameters: <generator object Module.parameters at 0x147e583ce490>
Epoch 10: Train MSE 0.5000 | Val MSE 0.5000
Epoch 20: Train MSE 0.5000 | Val MSE 0.5000
Epoch 30: Train MSE 0.5000 | Val MSE 0.5000
Epoch 40: Train MSE 0.5000 | Val MSE 0.5001
Epoch 50: Train MSE 0.4998 | Val MSE 0.5001
Epoch 60: Train MSE 0.4995 | Val MSE 0.5004
Epoch 70: Train MSE 0.4988 | Val MSE 0.5007
Epoch 80: Train MSE 0.4978 | Val MSE 0.5014
Epoch 90: Train MSE 0.4958 | Val MSE 0.5033
Epoch 100: Train MSE 0.4923 | Val MSE 0.5063
Epoch 110: Train MSE 0.4885 | Val MSE 0.5092
Epoch 120: Train MSE 0.4851 | Val MSE 0.5116
Epoch 130: Train MSE 0.4825 | Val MSE 0.5155
Epoch 140: Train MSE 0.4803 | Val MSE 0.5151
Epoch 150: Train MSE 0.4785 | Val MSE 0.5198
Epoch 160: Train MSE 0.4769 | Val MSE 0.5199
Epoch 170: Train MSE 0.4758 | Val MSE 0.5197
Epoch 180: Train MSE 0.4745 | Val MSE 0.5229
Epoch 190: Train MSE 0.4735 | Val MSE 0.5236
Epoch 200: Train MSE 0.4726 | Val MSE 0.5240
Epoch 210: Train MSE 0.4718 | Val MSE 0.5269
Epoch 220: Train MSE 0.4710 | Val MSE 0.5242
Epoch 230: Train MSE 0.4703 | Val MSE 0.5251
Epoch 240: Train MSE 0.4697 | Val MSE 0.5258
Epoch 250: Train MSE 0.4692 | Val MSE 0.5291
Epoch 260: Train MSE 0.4686 | Val MSE 0.5296
Epoch 270: Train MSE 0.4679 | Val MSE 0.5289
Epoch 280: Train MSE 0.4676 | Val MSE 0.5283
Epoch 290: Train MSE 0.4672 | Val MSE 0.5286
Epoch 300: Train MSE 0.4666 | Val MSE 0.5304
--- Training LSTM ---
Model: LSTM and parameters: <generator object Module.parameters at 0x147e59d3d230>
Epoch 10: Train MSE 0.5000 | Val MSE 0.5001
Epoch 20: Train MSE 0.4999 | Val MSE 0.5002
Epoch 30: Train MSE 0.4994 | Val MSE 0.5002
Epoch 40: Train MSE 0.4973 | Val MSE 0.5018
Epoch 50: Train MSE 0.4854 | Val MSE 0.5123
Epoch 60: Train MSE 0.4490 | Val MSE 0.5458
Epoch 70: Train MSE 0.4171 | Val MSE 0.5695
Epoch 80: Train MSE 0.3763 | Val MSE 0.6052
Epoch 90: Train MSE 0.3657 | Val MSE 0.6126
Epoch 100: Train MSE 0.3432 | Val MSE 0.6134
Epoch 110: Train MSE 0.3068 | Val MSE 0.6488
Epoch 120: Train MSE 0.3745 | Val MSE 0.6109
Epoch 130: Train MSE 0.2545 | Val MSE 0.6994
Epoch 140: Train MSE 0.2459 | Val MSE 0.7067
Epoch 150: Train MSE 0.2537 | Val MSE 0.6883
Epoch 160: Train MSE 0.2104 | Val MSE 0.7014
Epoch 170: Train MSE 0.2062 | Val MSE 0.7099
Epoch 180: Train MSE 0.1997 | Val MSE 0.6981
Epoch 190: Train MSE 0.2228 | Val MSE 0.7233
Epoch 200: Train MSE 0.1361 | Val MSE 0.7963
Epoch 210: Train MSE 0.1201 | Val MSE 0.7905
Epoch 220: Train MSE 0.1090 | Val MSE 0.8004
Epoch 230: Train MSE 0.0981 | Val MSE 0.8003
Epoch 240: Train MSE 0.0925 | Val MSE 0.7927
Epoch 250: Train MSE 0.0815 | Val MSE 0.7943
Epoch 260: Train MSE 0.0792 | Val MSE 0.8035
Epoch 270: Train MSE 0.0867 | Val MSE 0.7946
Epoch 280: Train MSE 0.1087 | Val MSE 0.8028
Epoch 290: Train MSE 0.0996 | Val MSE 0.7953
Epoch 300: Train MSE 0.1215 | Val MSE 0.7852
--- Training Linear ---
Model: Linear and parameters: <generator object Module.parameters at 0x147e59e85e70>
Epoch 10: Train MSE 0.5001 | Val MSE 0.5004
Epoch 20: Train MSE 0.5001 | Val MSE 0.5002
Epoch 30: Train MSE 0.5001 | Val MSE 0.5005
Epoch 40: Train MSE 0.5001 | Val MSE 0.5004
Epoch 50: Train MSE 0.5001 | Val MSE 0.5002
Epoch 60: Train MSE 0.5001 | Val MSE 0.5005
Epoch 70: Train MSE 0.5001 | Val MSE 0.5004
Epoch 80: Train MSE 0.5001 | Val MSE 0.5003
Epoch 90: Train MSE 0.5001 | Val MSE 0.5004
Epoch 100: Train MSE 0.5002 | Val MSE 0.5002
Epoch 110: Train MSE 0.5001 | Val MSE 0.5004
Epoch 120: Train MSE 0.5001 | Val MSE 0.5004
Epoch 130: Train MSE 0.5001 | Val MSE 0.5005
Epoch 140: Train MSE 0.5001 | Val MSE 0.5002
Epoch 150: Train MSE 0.5001 | Val MSE 0.5004
Epoch 160: Train MSE 0.5001 | Val MSE 0.5004
Epoch 170: Train MSE 0.5001 | Val MSE 0.5003
Epoch 180: Train MSE 0.5001 | Val MSE 0.5002
Epoch 190: Train MSE 0.5001 | Val MSE 0.5004
Epoch 200: Train MSE 0.5001 | Val MSE 0.5005
Epoch 210: Train MSE 0.5001 | Val MSE 0.5005
Epoch 220: Train MSE 0.5001 | Val MSE 0.5004
Epoch 230: Train MSE 0.5001 | Val MSE 0.5006
Epoch 240: Train MSE 0.5002 | Val MSE 0.5005
Epoch 250: Train MSE 0.5001 | Val MSE 0.5004
Epoch 260: Train MSE 0.5001 | Val MSE 0.5003
Epoch 270: Train MSE 0.5001 | Val MSE 0.5003
Epoch 280: Train MSE 0.5001 | Val MSE 0.5005
Epoch 290: Train MSE 0.5001 | Val MSE 0.5004
Epoch 300: Train MSE 0.5001 | Val MSE 0.5003
--- Training IQ_CNN ---
Model: IQ_CNN and parameters: <generator object Module.parameters at 0x147e59d3d9a0>
Epoch 10: Train MSE 0.5000 | Val MSE 0.5005
Epoch 20: Train MSE 0.4999 | Val MSE 0.5004
Epoch 30: Train MSE 0.4996 | Val MSE 0.5002
Epoch 40: Train MSE 0.4992 | Val MSE 0.5011
Epoch 50: Train MSE 0.4989 | Val MSE 0.5009
Epoch 60: Train MSE 0.4987 | Val MSE 0.5011
Epoch 70: Train MSE 0.4984 | Val MSE 0.5020
Epoch 80: Train MSE 0.4981 | Val MSE 0.5026
Epoch 90: Train MSE 0.4980 | Val MSE 0.5028
Epoch 100: Train MSE 0.4977 | Val MSE 0.5031
Epoch 110: Train MSE 0.4972 | Val MSE 0.5037
Epoch 120: Train MSE 0.4968 | Val MSE 0.5037
Epoch 130: Train MSE 0.4963 | Val MSE 0.5046
Epoch 140: Train MSE 0.4903 | Val MSE 0.5061
Epoch 150: Train MSE 0.4772 | Val MSE 0.5227
Epoch 160: Train MSE 0.4638 | Val MSE 0.5226
Epoch 170: Train MSE 0.4518 | Val MSE 0.5372
Epoch 180: Train MSE 0.4438 | Val MSE 0.5533
Epoch 190: Train MSE 0.4327 | Val MSE 0.5664
Epoch 200: Train MSE 0.4207 | Val MSE 0.5779
Epoch 210: Train MSE 0.4061 | Val MSE 0.5924
Epoch 220: Train MSE 0.3977 | Val MSE 0.6098
Epoch 230: Train MSE 0.3903 | Val MSE 0.6113
Epoch 240: Train MSE 0.3827 | Val MSE 0.6151
Epoch 250: Train MSE 0.3793 | Val MSE 0.6237
Epoch 260: Train MSE 0.3744 | Val MSE 0.6273
Epoch 270: Train MSE 0.3697 | Val MSE 0.6336
Epoch 280: Train MSE 0.3657 | Val MSE 0.6251
Epoch 290: Train MSE 0.3638 | Val MSE 0.6277
Epoch 300: Train MSE 0.3604 | Val MSE 0.6347

% Copy this into your LaTeX report:
\begin{table}[h]\centering
\begin{tabular}{lcc}
\hline \textbf{Model} & \textbf{Final MSE} & \textbf{SDR (dB)} \\ \hline
Hybrid & 0.53040 & -0.26 \\
LSTM & 0.78521 & -1.55 \\
Linear & 0.50031 & -0.00 \\
IQ_CNN & 0.63467 & -0.75 \\
\hline \end{tabular} \end{table}
