Device: cuda
Dataset size: 1000
Model: HybridSeparator
Epoch    1 | loss = 0.46391905
Epoch   10 | loss = 0.45188255
Epoch   20 | loss = 0.44857248
Epoch   30 | loss = 0.44132667
Epoch   40 | loss = 0.43378454
Epoch   50 | loss = 0.42470028
Epoch   60 | loss = 0.41567251
Epoch   70 | loss = 0.40595945
Epoch   80 | loss = 0.39803777
Epoch   90 | loss = 0.39191225
Epoch  100 | loss = 0.38551741
Epoch  110 | loss = 0.37892221
Epoch  120 | loss = 0.37415785
Epoch  130 | loss = 0.36932851
Epoch  140 | loss = 0.36168258
Epoch  150 | loss = 0.35633100
Epoch  160 | loss = 0.34946041
Epoch  170 | loss = 0.34225840
Epoch  180 | loss = 0.33716280
Epoch  190 | loss = 0.33129164
Epoch  200 | loss = 0.32774330
Epoch  210 | loss = 0.32342975
Epoch  220 | loss = 0.31899835
Epoch  230 | loss = 0.31655433
Epoch  240 | loss = 0.31268810
Epoch  250 | loss = 0.30949877
Epoch  260 | loss = 0.30794284
Epoch  270 | loss = 0.30423860
Epoch  280 | loss = 0.30201421
Epoch  290 | loss = 0.30091137
Epoch  300 | loss = 0.29834627

--- Validation ---
/uufs/chpc.utah.edu/common/home/u1321655/Capstone/train_and_validate.py:84: FutureWarning: You are using `torch.load` with `weights_only=False` (the current default value), which uses the default pickle module implicitly. It is possible to construct malicious pickle data which will execute arbitrary code during unpickling (See https://github.com/pytorch/pytorch/blob/main/SECURITY.md#untrusted-models for more details). In a future release, the default value for `weights_only` will be flipped to `True`. This limits the functions that could be executed during unpickling. Arbitrary objects will no longer be allowed to be loaded via this mode unless they are explicitly allowlisted by the user via `torch.serialization.add_safe_globals`. We recommend you start setting `weights_only=True` for any use case where you don't have full control of the loaded file. Please open an issue on GitHub for any issues related to this experimental feature.
  model.load_state_dict(torch.load(model_path, map_location=device))
Device: cuda
Validation set size: 100
Model: HybridSeparator
Validation PIT MSE loss: 0.58832511
