WE MADE IT BEFORE THE Separator
MOdels were tested
--- Training Hybrid ---
Model: Hybrid and parameters: <generator object Module.parameters at 0x155141e4a960>
Epoch 10: Train MSE 0.50000480 | Val MSE 0.50000010
Epoch 20: Train MSE 0.50000461 | Val MSE 0.50000235
Epoch 30: Train MSE 0.50000411 | Val MSE 0.50000685
Epoch 40: Train MSE 0.50000435 | Val MSE 0.49999971
Epoch 50: Train MSE 0.50000413 | Val MSE 0.50000284
Epoch 60: Train MSE 0.50000402 | Val MSE 0.49999976
Epoch 70: Train MSE 0.50000472 | Val MSE 0.50000393
Epoch 80: Train MSE 0.50000436 | Val MSE 0.50000624
Epoch 90: Train MSE 0.50000465 | Val MSE 0.50000663
Epoch 100: Train MSE 0.50000462 | Val MSE 0.50000630
--- Training LSTM ---
Model: LSTM and parameters: <generator object Module.parameters at 0x155143902650>
Epoch 10: Train MSE 0.50000497 | Val MSE 0.50000165
Epoch 20: Train MSE 0.50000417 | Val MSE 0.50000299
Epoch 30: Train MSE 0.50000390 | Val MSE 0.50000222
Epoch 40: Train MSE 0.50000357 | Val MSE 0.50000302
Epoch 50: Train MSE 0.50000489 | Val MSE 0.50000251
Epoch 60: Train MSE 0.50000472 | Val MSE 0.50000124
Epoch 70: Train MSE 0.50000394 | Val MSE 0.49999963
Epoch 80: Train MSE 0.50000440 | Val MSE 0.49999927
Epoch 90: Train MSE 0.50000425 | Val MSE 0.50000331
Epoch 100: Train MSE 0.50000370 | Val MSE 0.50000805
--- Training Linear ---
Model: Linear and parameters: <generator object Module.parameters at 0x155143900740>
Epoch 10: Train MSE 0.50019358 | Val MSE 0.50002322
Epoch 20: Train MSE 0.50016650 | Val MSE 0.50046812
Epoch 30: Train MSE 0.50019722 | Val MSE 0.50050532
Epoch 40: Train MSE 0.50020895 | Val MSE 0.50034660
Epoch 50: Train MSE 0.50021780 | Val MSE 0.49990394
Epoch 60: Train MSE 0.50020496 | Val MSE 0.50027059
Epoch 70: Train MSE 0.50019430 | Val MSE 0.50021021
Epoch 80: Train MSE 0.50018206 | Val MSE 0.50037454
Epoch 90: Train MSE 0.50019454 | Val MSE 0.50020226
Epoch 100: Train MSE 0.50015814 | Val MSE 0.50031074
--- Training IQ_CNN ---
Model: IQ_CNN and parameters: <generator object Module.parameters at 0x1551439026c0>
Epoch 10: Train MSE 0.50001391 | Val MSE 0.50002646
Epoch 20: Train MSE 0.49999481 | Val MSE 0.50010907
Epoch 30: Train MSE 0.49997800 | Val MSE 0.50017409
Epoch 40: Train MSE 0.49993421 | Val MSE 0.50011443
Epoch 50: Train MSE 0.49988722 | Val MSE 0.50027802
Epoch 60: Train MSE 0.49956051 | Val MSE 0.50043043
Epoch 70: Train MSE 0.49845964 | Val MSE 0.50131989
Epoch 80: Train MSE 0.49675308 | Val MSE 0.50285619
Epoch 90: Train MSE 0.49506224 | Val MSE 0.50372176
Epoch 100: Train MSE 0.49319227 | Val MSE 0.50812586

% Copy this into your LaTeX report:
\begin{table}[h]\centering
\begin{tabular}{lccc}
\hline \textbf{Model} & \textbf{Final MSE} & \textbf{SDR (dB)} & \textbf{Sym Acc} \\ \hline
Hybrid & 0.50001 & -0.00 & 0.2499 \\
LSTM & 0.50001 & -0.00 & 0.2496 \\
Linear & 0.50031 & -0.00 & 0.2417 \\
IQ_CNN & 0.50813 & -0.05 & 0.2540 \\
\hline
\end{tabular}
\end{table}
