Using on the fly data generation
WE MADE IT BEFORE THE Separator
MOdels were tested
--- Training Hybrid ---
Model: Hybrid and parameters: <generator object Module.parameters at 0x150726ea8350>
Epoch 10: Train MSE 0.50000404 | Val MSE 0.50000900
Epoch 20: Train MSE 0.50000615 | Val MSE 0.50000094
Epoch 30: Train MSE 0.50000625 | Val MSE 0.50000327
Epoch 40: Train MSE 0.50000432 | Val MSE 0.50001034
Epoch 50: Train MSE 0.50000657 | Val MSE 0.50000489
Epoch 60: Train MSE 0.50000616 | Val MSE 0.50000627
Epoch 70: Train MSE 0.50000624 | Val MSE 0.50000561
Epoch 80: Train MSE 0.50000667 | Val MSE 0.50002758
Epoch 90: Train MSE 0.50000414 | Val MSE 0.50001576
Epoch 100: Train MSE 0.50000602 | Val MSE 0.50001640
Epoch 110: Train MSE 0.50000630 | Val MSE 0.50001842
Epoch 120: Train MSE 0.50000610 | Val MSE 0.50000613
Epoch 130: Train MSE 0.50000632 | Val MSE 0.50000096
Epoch 140: Train MSE 0.50000530 | Val MSE 0.50000695
Epoch 150: Train MSE 0.50000648 | Val MSE 0.50000514
Epoch 160: Train MSE 0.50000584 | Val MSE 0.50000879
Epoch 170: Train MSE 0.50000609 | Val MSE 0.50000222
Epoch 180: Train MSE 0.50000733 | Val MSE 0.50001543
Epoch 190: Train MSE 0.50000680 | Val MSE 0.50000288
Epoch 200: Train MSE 0.50000565 | Val MSE 0.50001092
Epoch 210: Train MSE 0.50000536 | Val MSE 0.50000175
Epoch 220: Train MSE 0.50000559 | Val MSE 0.50000555
Epoch 230: Train MSE 0.50000560 | Val MSE 0.50000746
Epoch 240: Train MSE 0.50000593 | Val MSE 0.50001169
Epoch 250: Train MSE 0.50000675 | Val MSE 0.50000440
Epoch 260: Train MSE 0.50000704 | Val MSE 0.50000560
Epoch 270: Train MSE 0.50000646 | Val MSE 0.50002377
Epoch 280: Train MSE 0.50000579 | Val MSE 0.50001210
Epoch 290: Train MSE 0.50000514 | Val MSE 0.50001654
Epoch 300: Train MSE 0.50000517 | Val MSE 0.50000150
--- Training LSTM ---
Model: LSTM and parameters: <generator object Module.parameters at 0x15072884a960>
Epoch 10: Train MSE 0.50000499 | Val MSE 0.50001045
Epoch 20: Train MSE 0.50000537 | Val MSE 0.50000754
Epoch 30: Train MSE 0.50000448 | Val MSE 0.50001816
Epoch 40: Train MSE 0.50000405 | Val MSE 0.49999973
Epoch 50: Train MSE 0.50000440 | Val MSE 0.50000431
Epoch 60: Train MSE 0.50000552 | Val MSE 0.50000440
Epoch 70: Train MSE 0.50000450 | Val MSE 0.50000872
Epoch 80: Train MSE 0.50000442 | Val MSE 0.50001048
Epoch 90: Train MSE 0.50000503 | Val MSE 0.50001053
Epoch 100: Train MSE 0.50000553 | Val MSE 0.50000312
Epoch 110: Train MSE 0.50000496 | Val MSE 0.50001142
Epoch 120: Train MSE 0.50000444 | Val MSE 0.50000130
Epoch 130: Train MSE 0.50000554 | Val MSE 0.50000528
Epoch 140: Train MSE 0.50000513 | Val MSE 0.50000678
Epoch 150: Train MSE 0.50000507 | Val MSE 0.50001304
Epoch 160: Train MSE 0.50000544 | Val MSE 0.50000518
Epoch 170: Train MSE 0.50000432 | Val MSE 0.50000502
Epoch 180: Train MSE 0.50000391 | Val MSE 0.50000887
Epoch 190: Train MSE 0.50000516 | Val MSE 0.50000454
Epoch 200: Train MSE 0.50000417 | Val MSE 0.50001325
Epoch 210: Train MSE 0.50000438 | Val MSE 0.50002240
Epoch 220: Train MSE 0.50000530 | Val MSE 0.50000478
Epoch 230: Train MSE 0.50000366 | Val MSE 0.50000974
Epoch 240: Train MSE 0.50000520 | Val MSE 0.50000203
Epoch 250: Train MSE 0.50000428 | Val MSE 0.50000882
Epoch 260: Train MSE 0.50000406 | Val MSE 0.50001538
Epoch 270: Train MSE 0.50000458 | Val MSE 0.50001843
Epoch 280: Train MSE 0.50000486 | Val MSE 0.50000951
Epoch 290: Train MSE 0.50000489 | Val MSE 0.50000278
Epoch 300: Train MSE 0.50000417 | Val MSE 0.50000754
--- Training Linear ---
Model: Linear and parameters: <generator object Module.parameters at 0x15072884ab90>
Epoch 10: Train MSE 0.50020379 | Val MSE 0.50028206
Epoch 20: Train MSE 0.50022082 | Val MSE 0.50031106
Epoch 30: Train MSE 0.50019813 | Val MSE 0.50053430
Epoch 40: Train MSE 0.50018153 | Val MSE 0.50021595
Epoch 50: Train MSE 0.50014019 | Val MSE 0.50025077
Epoch 60: Train MSE 0.50014285 | Val MSE 0.50003655
Epoch 70: Train MSE 0.50017669 | Val MSE 0.50072922
Epoch 80: Train MSE 0.50020575 | Val MSE 0.50029516
Epoch 90: Train MSE 0.50016433 | Val MSE 0.50004239
Epoch 100: Train MSE 0.50018540 | Val MSE 0.50017063
Epoch 110: Train MSE 0.50016372 | Val MSE 0.49998088
Epoch 120: Train MSE 0.50022398 | Val MSE 0.50073116
Epoch 130: Train MSE 0.50023345 | Val MSE 0.50082457
Epoch 140: Train MSE 0.50014272 | Val MSE 0.50027595
Epoch 150: Train MSE 0.50017889 | Val MSE 0.50045967
Epoch 160: Train MSE 0.50018722 | Val MSE 0.50127656
Epoch 170: Train MSE 0.50022752 | Val MSE 0.50027302
Epoch 180: Train MSE 0.50010655 | Val MSE 0.50028365
Epoch 190: Train MSE 0.50024351 | Val MSE 0.50038374
Epoch 200: Train MSE 0.50021070 | Val MSE 0.50024428
Epoch 210: Train MSE 0.50018267 | Val MSE 0.50036799
Epoch 220: Train MSE 0.50022329 | Val MSE 0.50028140
Epoch 230: Train MSE 0.50020878 | Val MSE 0.50042563
Epoch 240: Train MSE 0.50013899 | Val MSE 0.50061494
Epoch 250: Train MSE 0.50025451 | Val MSE 0.50039185
Epoch 260: Train MSE 0.50011272 | Val MSE 0.50116280
Epoch 270: Train MSE 0.50020858 | Val MSE 0.50028470
Epoch 280: Train MSE 0.50016934 | Val MSE 0.50051847
Epoch 290: Train MSE 0.50020125 | Val MSE 0.50022433
Epoch 300: Train MSE 0.50014517 | Val MSE 0.50024780
--- Training IQ_CNN ---
Model: IQ_CNN and parameters: <generator object Module.parameters at 0x15072884a9d0>
Epoch 10: Train MSE 0.50001607 | Val MSE 0.50000712
Epoch 20: Train MSE 0.50000928 | Val MSE 0.50001625
Epoch 30: Train MSE 0.50001342 | Val MSE 0.50001933
Epoch 40: Train MSE 0.50000831 | Val MSE 0.50005090
Epoch 50: Train MSE 0.50001080 | Val MSE 0.50002533
Epoch 60: Train MSE 0.50000885 | Val MSE 0.50001618
Epoch 70: Train MSE 0.50000664 | Val MSE 0.50001145
Epoch 80: Train MSE 0.50000801 | Val MSE 0.50001299
Epoch 90: Train MSE 0.50000750 | Val MSE 0.50000762
Epoch 100: Train MSE 0.50000538 | Val MSE 0.50002315
Epoch 110: Train MSE 0.50000638 | Val MSE 0.50000211
Epoch 120: Train MSE 0.50000468 | Val MSE 0.50001527
Epoch 130: Train MSE 0.50000958 | Val MSE 0.50001133
Epoch 140: Train MSE 0.50000718 | Val MSE 0.50001658
Epoch 150: Train MSE 0.50000817 | Val MSE 0.50000415
Epoch 160: Train MSE 0.50000366 | Val MSE 0.50001174
Epoch 170: Train MSE 0.50000705 | Val MSE 0.50000565
Epoch 180: Train MSE 0.50000570 | Val MSE 0.50000189
Epoch 190: Train MSE 0.50000928 | Val MSE 0.50000985
Epoch 200: Train MSE 0.50000574 | Val MSE 0.50003277
Epoch 210: Train MSE 0.50000451 | Val MSE 0.49998108
Epoch 220: Train MSE 0.50001092 | Val MSE 0.50001466
Epoch 230: Train MSE 0.50000315 | Val MSE 0.50001379
Epoch 240: Train MSE 0.50000866 | Val MSE 0.50000155
Epoch 250: Train MSE 0.50000974 | Val MSE 0.50000208
Epoch 260: Train MSE 0.49999421 | Val MSE 0.50003752
Epoch 270: Train MSE 0.49999923 | Val MSE 0.50001733
Epoch 280: Train MSE 0.50000607 | Val MSE 0.50000847
Epoch 290: Train MSE 0.50000750 | Val MSE 0.50000362
Epoch 300: Train MSE 0.50001046 | Val MSE 0.50000034
--- Training HTDemucs ---
Model: HTDemucs and parameters: <generator object Module.parameters at 0x15072884a1f0>
Epoch 10: Train MSE 0.50001378 | Val MSE 0.50003329
Epoch 20: Train MSE 0.50001499 | Val MSE 0.50004480
Epoch 30: Train MSE 0.50001389 | Val MSE 0.50002773
Epoch 40: Train MSE 0.50001159 | Val MSE 0.50005747
Epoch 50: Train MSE 0.50001292 | Val MSE 0.50000501
Epoch 60: Train MSE 0.50001109 | Val MSE 0.50000971
Epoch 70: Train MSE 0.50001157 | Val MSE 0.50000882
Epoch 80: Train MSE 0.50001376 | Val MSE 0.50000916
Epoch 90: Train MSE 0.50000923 | Val MSE 0.50000141
Epoch 100: Train MSE 0.50001161 | Val MSE 0.50001945
Epoch 110: Train MSE 0.50001216 | Val MSE 0.50000483
Epoch 120: Train MSE 0.50001064 | Val MSE 0.50001519
Epoch 130: Train MSE 0.50001211 | Val MSE 0.50001499
Epoch 140: Train MSE 0.50001162 | Val MSE 0.50002241
Epoch 150: Train MSE 0.50001178 | Val MSE 0.50000196
Epoch 160: Train MSE 0.50000973 | Val MSE 0.50000835
Epoch 170: Train MSE 0.50000882 | Val MSE 0.50000747
Epoch 180: Train MSE 0.50000782 | Val MSE 0.50003600
Epoch 190: Train MSE 0.50001030 | Val MSE 0.50000784
Epoch 200: Train MSE 0.50000775 | Val MSE 0.50000102
Epoch 210: Train MSE 0.50000749 | Val MSE 0.50001179
Epoch 220: Train MSE 0.50000671 | Val MSE 0.50000698
Epoch 230: Train MSE 0.50000662 | Val MSE 0.50000281
Epoch 240: Train MSE 0.50000656 | Val MSE 0.50001063
Epoch 250: Train MSE 0.50000682 | Val MSE 0.50000393
Epoch 260: Train MSE 0.50000641 | Val MSE 0.50000839
Epoch 270: Train MSE 0.50000615 | Val MSE 0.49999957
Epoch 280: Train MSE 0.50000544 | Val MSE 0.50001573
Epoch 290: Train MSE 0.50000555 | Val MSE 0.50001425
Epoch 300: Train MSE 0.50000643 | Val MSE 0.49999982

% Copy this into your LaTeX report:
\begin{table}[h]\centering
\begin{tabular}{lccc}
\hline \textbf{Model} & \textbf{Final MSE} & \textbf{SDR (dB)} & \textbf{Sym Acc} \\ \hline
Hybrid & 0.50000 & -0.00 & 0.2496 \\
LSTM & 0.50001 & -0.00 & 0.2502 \\
Linear & 0.50025 & -0.00 & 0.2487 \\
IQ_CNN & 0.50000 & -0.00 & 0.2503 \\
HTDemucs & 0.50000 & 0.00 & 0.2508 \\
\hline
\end{tabular}
\end{table}
